["INFO" - 9:27:12 AM] Extension Name: "prettier-vscode".
["INFO" - 9:27:12 AM] Extension Version: "3.20.0".
["INFO" - 9:27:12 AM] Enabling prettier for languages
[
  "css",
  "graphql",
  "html",
  "javascript",
  "javascriptreact",
  "json",
  "json5",
  "jsonc",
  "less",
  "markdown",
  "mdx",
  "mongo",
  "postcss",
  "scss",
  "typescript",
  "typescriptreact",
  "vue",
  "yaml"
]
["INFO" - 9:27:12 AM] Enabling prettier for range supported languages
[
  "graphql",
  "javascript",
  "javascriptreact",
  "json",
  "typescript",
  "typescriptreact"
]
["INFO" - 11:02:33 AM] Formatting /home/alex/Documents/Projects/melhor-schedule/storekeeper_order.js
["INFO" - 11:02:33 AM] Using ignore file (if present) at /home/alex/Documents/Projects/melhor-schedule/.prettierignore
["INFO" - 11:02:33 AM] Using bundled version of prettier.
["INFO" - 11:02:33 AM] File Info:
{
  "ignored": false,
  "inferredParser": "babel"
}
["INFO" - 11:02:33 AM] No local configuration (i.e. .prettierrc or .editorconfig) detected, falling back to VS Code configuration
["INFO" - 11:02:33 AM] Prettier Options:
{
  "arrowParens": "avoid",
  "bracketSpacing": true,
  "endOfLine": "auto",
  "htmlWhitespaceSensitivity": "css",
  "insertPragma": false,
  "jsxBracketSameLine": false,
  "jsxSingleQuote": false,
  "printWidth": 80,
  "proseWrap": "preserve",
  "quoteProps": "as-needed",
  "requirePragma": false,
  "semi": true,
  "singleQuote": false,
  "tabWidth": 2,
  "trailingComma": "none",
  "useTabs": false,
  "vueIndentScriptAndStyle": false,
  "filepath": "/home/alex/Documents/Projects/melhor-schedule/storekeeper_order.js",
  "parser": "babel"
}
["INFO" - 11:02:33 AM] Formatting completed in 98.523774ms.
["INFO" - 11:28:42 AM] Formatting /home/alex/Documents/Projects/melhor-schedule/order.js
["INFO" - 11:28:42 AM] Using ignore file (if present) at /home/alex/Documents/Projects/melhor-schedule/.prettierignore
["INFO" - 11:28:42 AM] Using bundled version of prettier.
["INFO" - 11:28:42 AM] File Info:
{
  "ignored": false,
  "inferredParser": "babel"
}
["INFO" - 11:28:42 AM] No local configuration (i.e. .prettierrc or .editorconfig) detected, falling back to VS Code configuration
["INFO" - 11:28:42 AM] Prettier Options:
{
  "arrowParens": "avoid",
  "bracketSpacing": true,
  "endOfLine": "auto",
  "htmlWhitespaceSensitivity": "css",
  "insertPragma": false,
  "jsxBracketSameLine": false,
  "jsxSingleQuote": false,
  "printWidth": 80,
  "proseWrap": "preserve",
  "quoteProps": "as-needed",
  "requirePragma": false,
  "semi": true,
  "singleQuote": false,
  "tabWidth": 2,
  "trailingComma": "none",
  "useTabs": false,
  "vueIndentScriptAndStyle": false,
  "filepath": "/home/alex/Documents/Projects/melhor-schedule/order.js",
  "parser": "babel"
}
["INFO" - 11:28:42 AM] Formatting completed in 78.332503ms.
["INFO" - 11:43:45 AM] Formatting /home/alex/Documents/Projects/melhor-schedule/order.js
["INFO" - 11:43:45 AM] Using ignore file (if present) at /home/alex/Documents/Projects/melhor-schedule/.prettierignore
["INFO" - 11:43:45 AM] Using bundled version of prettier.
["INFO" - 11:43:45 AM] File Info:
{
  "ignored": false,
  "inferredParser": "babel"
}
["INFO" - 11:43:45 AM] No local configuration (i.e. .prettierrc or .editorconfig) detected, falling back to VS Code configuration
["INFO" - 11:43:45 AM] Prettier Options:
{
  "arrowParens": "avoid",
  "bracketSpacing": true,
  "endOfLine": "auto",
  "htmlWhitespaceSensitivity": "css",
  "insertPragma": false,
  "jsxBracketSameLine": false,
  "jsxSingleQuote": false,
  "printWidth": 80,
  "proseWrap": "preserve",
  "quoteProps": "as-needed",
  "requirePragma": false,
  "semi": true,
  "singleQuote": false,
  "tabWidth": 2,
  "trailingComma": "none",
  "useTabs": false,
  "vueIndentScriptAndStyle": false,
  "filepath": "/home/alex/Documents/Projects/melhor-schedule/order.js",
  "parser": "babel"
}
["INFO" - 11:43:45 AM] Formatting completed in 80.112052ms.
